2022-07-26 09:46:08.918  INFO 15820 --- [main] c.h.TurkcellSpringBootApplicationTests   : Starting TurkcellSpringBootApplicationTests using Java 18 on DESKTOP-RTG2D08 with PID 15820 (started by Java Spring in F:\0_Şirket\2_Kodluyoruz\3_Bootcamp\2_Turkcell Java Full Stack\Kodlama\Bakend_SpringBoot\TurkcellSpringBoot)
2022-07-26 09:46:08.920  INFO 15820 --- [main] c.h.TurkcellSpringBootApplicationTests   : No active profile set, falling back to 1 default profile: "default"
2022-07-26 09:46:10.721  INFO 15820 --- [main] .s.d.r.c.RepositoryConfigurationDelegate : Bootstrapping Spring Data JPA repositories in DEFAULT mode.
2022-07-26 09:46:10.738  INFO 15820 --- [main] .s.d.r.c.RepositoryConfigurationDelegate : Finished Spring Data repository scanning in 7 ms. Found 0 JPA repository interfaces.
2022-07-26 09:46:11.588  INFO 15820 --- [main] o.hibernate.jpa.internal.util.LogHelper  : HHH000204: Processing PersistenceUnitInfo [name: default]
2022-07-26 09:46:11.724  INFO 15820 --- [main] org.hibernate.Version                    : HHH000412: Hibernate ORM core version 5.6.10.Final
2022-07-26 09:46:11.956  INFO 15820 --- [main] o.hibernate.annotations.common.Version   : HCANN000001: Hibernate Commons Annotations {5.1.2.Final}
2022-07-26 09:46:12.368  INFO 15820 --- [main] com.zaxxer.hikari.HikariDataSource       : HikariPool-1 - Starting...
2022-07-26 09:46:12.759  INFO 15820 --- [main] com.zaxxer.hikari.HikariDataSource       : HikariPool-1 - Start completed.
2022-07-26 09:46:12.785  INFO 15820 --- [main] org.hibernate.dialect.Dialect            : HHH000400: Using dialect: org.hibernate.dialect.H2Dialect
2022-07-26 09:46:13.298  INFO 15820 --- [main] o.h.e.t.j.p.i.JtaPlatformInitiator       : HHH000490: Using JtaPlatform implementation: [org.hibernate.engine.transaction.jta.platform.internal.NoJtaPlatform]
2022-07-26 09:46:13.322  INFO 15820 --- [main] j.LocalContainerEntityManagerFactoryBean : Initialized JPA EntityManagerFactory for persistence unit 'default'
2022-07-26 09:46:14.248  WARN 15820 --- [main] JpaBaseConfiguration$JpaWebConfiguration : spring.jpa.open-in-view is enabled by default. Therefore, database queries may be performed during view rendering. Explicitly configure spring.jpa.open-in-view to disable this warning
2022-07-26 09:46:16.687  WARN 15820 --- [main] ion$DefaultTemplateResolverConfiguration : Cannot find template location: classpath:/templates/ (please add some templates or check your Thymeleaf configuration)
2022-07-26 09:46:17.660  INFO 15820 --- [main] o.s.b.a.e.web.EndpointLinksResolver      : Exposing 1 endpoint(s) beneath base path '/actuator'
2022-07-26 09:46:17.832  INFO 15820 --- [main] c.h.TurkcellSpringBootApplicationTests   : Started TurkcellSpringBootApplicationTests in 9.423 seconds (JVM running for 10.771)
2022-07-26 09:46:18.368  INFO 15820 --- [SpringApplicationShutdownHook] j.LocalContainerEntityManagerFactoryBean : Closing JPA EntityManagerFactory for persistence unit 'default'
2022-07-26 09:46:18.373  INFO 15820 --- [SpringApplicationShutdownHook] com.zaxxer.hikari.HikariDataSource       : HikariPool-1 - Shutdown initiated...
2022-07-26 09:46:18.389  INFO 15820 --- [SpringApplicationShutdownHook] com.zaxxer.hikari.HikariDataSource       : HikariPool-1 - Shutdown completed.
2022-07-26 09:46:35.823  INFO 11372 --- [main] c.h.TurkcellSpringBootApplicationTests   : Starting TurkcellSpringBootApplicationTests using Java 18 on DESKTOP-RTG2D08 with PID 11372 (started by Java Spring in F:\0_Şirket\2_Kodluyoruz\3_Bootcamp\2_Turkcell Java Full Stack\Kodlama\Bakend_SpringBoot\TurkcellSpringBoot)
2022-07-26 09:46:35.825  INFO 11372 --- [main] c.h.TurkcellSpringBootApplicationTests   : No active profile set, falling back to 1 default profile: "default"
2022-07-26 09:46:37.340  INFO 11372 --- [main] .s.d.r.c.RepositoryConfigurationDelegate : Bootstrapping Spring Data JPA repositories in DEFAULT mode.
2022-07-26 09:46:37.356  INFO 11372 --- [main] .s.d.r.c.RepositoryConfigurationDelegate : Finished Spring Data repository scanning in 7 ms. Found 0 JPA repository interfaces.
2022-07-26 09:46:38.376  INFO 11372 --- [main] o.hibernate.jpa.internal.util.LogHelper  : HHH000204: Processing PersistenceUnitInfo [name: default]
2022-07-26 09:46:38.468  INFO 11372 --- [main] org.hibernate.Version                    : HHH000412: Hibernate ORM core version 5.6.10.Final
2022-07-26 09:46:38.724  INFO 11372 --- [main] o.hibernate.annotations.common.Version   : HCANN000001: Hibernate Commons Annotations {5.1.2.Final}
2022-07-26 09:46:39.081  INFO 11372 --- [main] com.zaxxer.hikari.HikariDataSource       : HikariPool-1 - Starting...
2022-07-26 09:46:39.443  INFO 11372 --- [main] com.zaxxer.hikari.HikariDataSource       : HikariPool-1 - Start completed.
2022-07-26 09:46:39.466  INFO 11372 --- [main] org.hibernate.dialect.Dialect            : HHH000400: Using dialect: org.hibernate.dialect.H2Dialect
2022-07-26 09:46:39.860  INFO 11372 --- [main] o.h.e.t.j.p.i.JtaPlatformInitiator       : HHH000490: Using JtaPlatform implementation: [org.hibernate.engine.transaction.jta.platform.internal.NoJtaPlatform]
2022-07-26 09:46:39.879  INFO 11372 --- [main] j.LocalContainerEntityManagerFactoryBean : Initialized JPA EntityManagerFactory for persistence unit 'default'
2022-07-26 09:46:40.619  WARN 11372 --- [main] JpaBaseConfiguration$JpaWebConfiguration : spring.jpa.open-in-view is enabled by default. Therefore, database queries may be performed during view rendering. Explicitly configure spring.jpa.open-in-view to disable this warning
2022-07-26 09:46:43.067  WARN 11372 --- [main] ion$DefaultTemplateResolverConfiguration : Cannot find template location: classpath:/templates/ (please add some templates or check your Thymeleaf configuration)
2022-07-26 09:46:44.112  INFO 11372 --- [main] o.s.b.a.e.web.EndpointLinksResolver      : Exposing 1 endpoint(s) beneath base path '/actuator'
2022-07-26 09:46:44.212  INFO 11372 --- [main] c.h.TurkcellSpringBootApplicationTests   : Started TurkcellSpringBootApplicationTests in 8.903 seconds (JVM running for 10.163)
2022-07-26 09:46:44.789  INFO 11372 --- [SpringApplicationShutdownHook] j.LocalContainerEntityManagerFactoryBean : Closing JPA EntityManagerFactory for persistence unit 'default'
2022-07-26 09:46:44.793  INFO 11372 --- [SpringApplicationShutdownHook] com.zaxxer.hikari.HikariDataSource       : HikariPool-1 - Shutdown initiated...
2022-07-26 09:46:44.798  INFO 11372 --- [SpringApplicationShutdownHook] com.zaxxer.hikari.HikariDataSource       : HikariPool-1 - Shutdown completed.
2022-07-26 09:47:08.184  INFO 10608 --- [main] c.h.TurkcellSpringBootApplicationTests   : Starting TurkcellSpringBootApplicationTests using Java 18 on DESKTOP-RTG2D08 with PID 10608 (started by Java Spring in F:\0_Şirket\2_Kodluyoruz\3_Bootcamp\2_Turkcell Java Full Stack\Kodlama\Bakend_SpringBoot\TurkcellSpringBoot)
2022-07-26 09:47:08.187  INFO 10608 --- [main] c.h.TurkcellSpringBootApplicationTests   : No active profile set, falling back to 1 default profile: "default"
2022-07-26 09:47:09.852  INFO 10608 --- [main] .s.d.r.c.RepositoryConfigurationDelegate : Bootstrapping Spring Data JPA repositories in DEFAULT mode.
2022-07-26 09:47:09.874  INFO 10608 --- [main] .s.d.r.c.RepositoryConfigurationDelegate : Finished Spring Data repository scanning in 7 ms. Found 0 JPA repository interfaces.
2022-07-26 09:47:10.926  INFO 10608 --- [main] o.hibernate.jpa.internal.util.LogHelper  : HHH000204: Processing PersistenceUnitInfo [name: default]
2022-07-26 09:47:11.017  INFO 10608 --- [main] org.hibernate.Version                    : HHH000412: Hibernate ORM core version 5.6.10.Final
2022-07-26 09:47:11.264  INFO 10608 --- [main] o.hibernate.annotations.common.Version   : HCANN000001: Hibernate Commons Annotations {5.1.2.Final}
2022-07-26 09:47:11.701  INFO 10608 --- [main] com.zaxxer.hikari.HikariDataSource       : HikariPool-1 - Starting...
2022-07-26 09:47:12.078  INFO 10608 --- [main] com.zaxxer.hikari.HikariDataSource       : HikariPool-1 - Start completed.
2022-07-26 09:47:12.108  INFO 10608 --- [main] org.hibernate.dialect.Dialect            : HHH000400: Using dialect: org.hibernate.dialect.H2Dialect
2022-07-26 09:47:12.586  INFO 10608 --- [main] o.h.e.t.j.p.i.JtaPlatformInitiator       : HHH000490: Using JtaPlatform implementation: [org.hibernate.engine.transaction.jta.platform.internal.NoJtaPlatform]
2022-07-26 09:47:12.608  INFO 10608 --- [main] j.LocalContainerEntityManagerFactoryBean : Initialized JPA EntityManagerFactory for persistence unit 'default'
2022-07-26 09:47:13.440  WARN 10608 --- [main] JpaBaseConfiguration$JpaWebConfiguration : spring.jpa.open-in-view is enabled by default. Therefore, database queries may be performed during view rendering. Explicitly configure spring.jpa.open-in-view to disable this warning
2022-07-26 09:47:16.133  WARN 10608 --- [main] ion$DefaultTemplateResolverConfiguration : Cannot find template location: classpath:/templates/ (please add some templates or check your Thymeleaf configuration)
2022-07-26 09:47:17.217  INFO 10608 --- [main] o.s.b.a.e.web.EndpointLinksResolver      : Exposing 1 endpoint(s) beneath base path '/actuator'
2022-07-26 09:47:17.325  INFO 10608 --- [main] c.h.TurkcellSpringBootApplicationTests   : Started TurkcellSpringBootApplicationTests in 9.689 seconds (JVM running for 11.064)
2022-07-26 09:47:17.877  INFO 10608 --- [SpringApplicationShutdownHook] j.LocalContainerEntityManagerFactoryBean : Closing JPA EntityManagerFactory for persistence unit 'default'
2022-07-26 09:47:17.881  INFO 10608 --- [SpringApplicationShutdownHook] com.zaxxer.hikari.HikariDataSource       : HikariPool-1 - Shutdown initiated...
2022-07-26 09:47:17.888  INFO 10608 --- [SpringApplicationShutdownHook] com.zaxxer.hikari.HikariDataSource       : HikariPool-1 - Shutdown completed.
2022-07-26 09:49:25.922  INFO 1748 --- [restartedMain] c.h.TurkcellSpringBootApplication        : Starting TurkcellSpringBootApplication using Java 18 on DESKTOP-RTG2D08 with PID 1748 (F:\0_Şirket\2_Kodluyoruz\3_Bootcamp\2_Turkcell Java Full Stack\Kodlama\Bakend_SpringBoot\TurkcellSpringBoot\target\classes started by Java Spring in F:\0_Şirket\2_Kodluyoruz\3_Bootcamp\2_Turkcell Java Full Stack\Kodlama\Bakend_SpringBoot\TurkcellSpringBoot)
2022-07-26 09:49:25.924  INFO 1748 --- [restartedMain] c.h.TurkcellSpringBootApplication        : No active profile set, falling back to 1 default profile: "default"
2022-07-26 09:49:26.001  INFO 1748 --- [restartedMain] .e.DevToolsPropertyDefaultsPostProcessor : Devtools property defaults active! Set 'spring.devtools.add-properties' to 'false' to disable
2022-07-26 09:49:26.001  INFO 1748 --- [restartedMain] .e.DevToolsPropertyDefaultsPostProcessor : For additional web related logging consider setting the 'logging.level.web' property to 'DEBUG'
2022-07-26 09:49:27.681  INFO 1748 --- [restartedMain] .s.d.r.c.RepositoryConfigurationDelegate : Bootstrapping Spring Data JPA repositories in DEFAULT mode.
2022-07-26 09:49:27.708  INFO 1748 --- [restartedMain] .s.d.r.c.RepositoryConfigurationDelegate : Finished Spring Data repository scanning in 12 ms. Found 0 JPA repository interfaces.
2022-07-26 09:49:29.020  INFO 1748 --- [restartedMain] o.s.b.w.embedded.tomcat.TomcatWebServer  : Tomcat initialized with port(s): 8080 (http)
2022-07-26 09:49:29.036  INFO 1748 --- [restartedMain] o.apache.catalina.core.StandardService   : Starting service [Tomcat]
2022-07-26 09:49:29.037  INFO 1748 --- [restartedMain] org.apache.catalina.core.StandardEngine  : Starting Servlet engine: [Apache Tomcat/9.0.65]
2022-07-26 09:49:29.185  INFO 1748 --- [restartedMain] o.a.c.c.C.[Tomcat].[localhost].[/]       : Initializing Spring embedded WebApplicationContext
2022-07-26 09:49:29.185  INFO 1748 --- [restartedMain] w.s.c.ServletWebServerApplicationContext : Root WebApplicationContext: initialization completed in 3183 ms
2022-07-26 09:49:29.431  INFO 1748 --- [restartedMain] com.zaxxer.hikari.HikariDataSource       : HikariPool-1 - Starting...
2022-07-26 09:49:29.854  INFO 1748 --- [restartedMain] com.zaxxer.hikari.HikariDataSource       : HikariPool-1 - Start completed.
2022-07-26 09:49:29.870  INFO 1748 --- [restartedMain] o.s.b.a.h2.H2ConsoleAutoConfiguration    : H2 console available at '/h2-console'. Database available at 'jdbc:postgresql://localhost:5432/turkcell_db'
2022-07-26 09:49:30.094  INFO 1748 --- [restartedMain] o.hibernate.jpa.internal.util.LogHelper  : HHH000204: Processing PersistenceUnitInfo [name: default]
2022-07-26 09:49:30.193  INFO 1748 --- [restartedMain] org.hibernate.Version                    : HHH000412: Hibernate ORM core version 5.6.10.Final
2022-07-26 09:49:30.552  INFO 1748 --- [restartedMain] o.hibernate.annotations.common.Version   : HCANN000001: Hibernate Commons Annotations {5.1.2.Final}
2022-07-26 09:49:30.819  INFO 1748 --- [restartedMain] org.hibernate.dialect.Dialect            : HHH000400: Using dialect: org.hibernate.dialect.H2Dialect
2022-07-26 09:49:31.243  INFO 1748 --- [restartedMain] o.h.e.t.j.p.i.JtaPlatformInitiator       : HHH000490: Using JtaPlatform implementation: [org.hibernate.engine.transaction.jta.platform.internal.NoJtaPlatform]
2022-07-26 09:49:31.261  INFO 1748 --- [restartedMain] j.LocalContainerEntityManagerFactoryBean : Initialized JPA EntityManagerFactory for persistence unit 'default'
2022-07-26 09:49:31.502  WARN 1748 --- [restartedMain] JpaBaseConfiguration$JpaWebConfiguration : spring.jpa.open-in-view is enabled by default. Therefore, database queries may be performed during view rendering. Explicitly configure spring.jpa.open-in-view to disable this warning
2022-07-26 09:49:33.017  WARN 1748 --- [restartedMain] ion$DefaultTemplateResolverConfiguration : Cannot find template location: classpath:/templates/ (please add some templates or check your Thymeleaf configuration)
2022-07-26 09:49:33.520  INFO 1748 --- [restartedMain] o.s.b.d.a.OptionalLiveReloadServer       : LiveReload server is running on port 35729
2022-07-26 09:49:33.531  INFO 1748 --- [restartedMain] o.s.b.a.e.web.EndpointLinksResolver      : Exposing 1 endpoint(s) beneath base path '/actuator'
2022-07-26 09:49:33.622  INFO 1748 --- [restartedMain] o.s.b.w.embedded.tomcat.TomcatWebServer  : Tomcat started on port(s): 8080 (http) with context path ''
2022-07-26 09:49:33.651  INFO 1748 --- [restartedMain] c.h.TurkcellSpringBootApplication        : Started TurkcellSpringBootApplication in 8.333 seconds (JVM running for 9.035)
2022-07-26 09:49:50.140  INFO 1748 --- [http-nio-8080-exec-1] o.a.c.c.C.[Tomcat].[localhost].[/]       : Initializing Spring DispatcherServlet 'dispatcherServlet'
